2024-06-06 08:43:38,638:INFO: ================================================================================
2024-06-06 08:43:38,638:INFO: Summary of normal model training process:
2024-06-06 08:43:38,638:INFO: Dataset: CIFAR10-alpha0.1-ratio1.0-users10
2024-06-06 08:43:38,638:INFO: model: resnet18
2024-06-06 08:43:38,638:INFO: Device: cuda
2024-06-06 08:43:38,638:INFO: Number of global rounds: 150
2024-06-06 08:43:38,638:INFO: Number of local rounds: 10
2024-06-06 08:43:38,638:INFO: Clents' learning rate: 0.1
2024-06-06 08:43:38,638:INFO: ================================================================================
2024-06-06 08:43:38,924:INFO: Users in total: 10
2024-06-06 08:43:39,127:INFO: Number of users per round / total users: 10 / 10
2024-06-06 08:43:39,127:INFO: Finished creating FedAvg server.
2024-06-06 08:43:39,128:INFO: 

-------------Round number: 0 -------------


2024-06-06 08:43:39,515:INFO: Average Global Accurancy = 0.0924, Loss = 2.30.
2024-06-06 08:43:39,515:INFO: Best Global Accurancy = 0.0924, Loss = 2.30, Iter = 0.
2024-06-06 08:43:40,874:INFO: 

-------------Round number: 1 -------------


2024-06-06 08:43:41,120:INFO: Average Global Accurancy = 0.1485, Loss = 1711.52.
2024-06-06 08:43:41,120:INFO: Best Global Accurancy = 0.1485, Loss = 1711.52, Iter = 1.
2024-06-06 08:43:42,435:INFO: 

-------------Round number: 2 -------------


2024-06-06 08:43:42,637:INFO: Average Global Accurancy = 0.1204, Loss = 217.70.
2024-06-06 08:43:42,637:INFO: Best Global Accurancy = 0.1485, Loss = 1711.52, Iter = 1.
2024-06-06 08:43:43,955:INFO: 

-------------Round number: 3 -------------


2024-06-06 08:43:44,156:INFO: Average Global Accurancy = 0.1300, Loss = 6.34.
2024-06-06 08:43:44,156:INFO: Best Global Accurancy = 0.1485, Loss = 1711.52, Iter = 1.
2024-06-06 08:43:45,473:INFO: 

-------------Round number: 4 -------------


2024-06-06 08:43:45,673:INFO: Average Global Accurancy = 0.1450, Loss = 2.29.
2024-06-06 08:43:45,673:INFO: Best Global Accurancy = 0.1485, Loss = 1711.52, Iter = 1.
2024-06-06 08:43:46,991:INFO: 

-------------Round number: 5 -------------


2024-06-06 08:43:47,238:INFO: Average Global Accurancy = 0.1837, Loss = 2.31.
2024-06-06 08:43:47,238:INFO: Best Global Accurancy = 0.1837, Loss = 2.31, Iter = 5.
2024-06-06 08:43:48,557:INFO: 

-------------Round number: 6 -------------


2024-06-06 08:43:48,757:INFO: Average Global Accurancy = 0.1806, Loss = 2.14.
2024-06-06 08:43:48,757:INFO: Best Global Accurancy = 0.1837, Loss = 2.31, Iter = 5.
2024-06-06 08:43:50,075:INFO: 

-------------Round number: 7 -------------


2024-06-06 08:43:50,320:INFO: Average Global Accurancy = 0.2139, Loss = 2.12.
2024-06-06 08:43:50,320:INFO: Best Global Accurancy = 0.2139, Loss = 2.12, Iter = 7.
2024-06-06 08:43:51,640:INFO: 

-------------Round number: 8 -------------


2024-06-06 08:43:51,883:INFO: Average Global Accurancy = 0.2470, Loss = 2.08.
2024-06-06 08:43:51,883:INFO: Best Global Accurancy = 0.2470, Loss = 2.08, Iter = 8.
2024-06-06 08:43:53,204:INFO: 

-------------Round number: 9 -------------


2024-06-06 08:43:53,404:INFO: Average Global Accurancy = 0.2302, Loss = 2.13.
2024-06-06 08:43:53,404:INFO: Best Global Accurancy = 0.2470, Loss = 2.08, Iter = 8.
2024-06-06 08:43:54,723:INFO: 

-------------Round number: 10 -------------


2024-06-06 08:43:54,968:INFO: Average Global Accurancy = 0.2667, Loss = 2.04.
2024-06-06 08:43:54,968:INFO: Best Global Accurancy = 0.2667, Loss = 2.04, Iter = 10.
2024-06-06 08:43:56,287:INFO: 

-------------Round number: 11 -------------


2024-06-06 08:43:56,487:INFO: Average Global Accurancy = 0.2561, Loss = 2.05.
2024-06-06 08:43:56,487:INFO: Best Global Accurancy = 0.2667, Loss = 2.04, Iter = 10.
2024-06-06 08:43:57,805:INFO: 

-------------Round number: 12 -------------


2024-06-06 08:43:58,005:INFO: Average Global Accurancy = 0.2469, Loss = 2.05.
2024-06-06 08:43:58,005:INFO: Best Global Accurancy = 0.2667, Loss = 2.04, Iter = 10.
2024-06-06 08:43:59,322:INFO: 

-------------Round number: 13 -------------


2024-06-06 08:43:59,566:INFO: Average Global Accurancy = 0.2696, Loss = 2.03.
2024-06-06 08:43:59,566:INFO: Best Global Accurancy = 0.2696, Loss = 2.03, Iter = 13.
2024-06-06 08:44:00,883:INFO: 

-------------Round number: 14 -------------


2024-06-06 08:44:01,082:INFO: Average Global Accurancy = 0.2487, Loss = 2.04.
2024-06-06 08:44:01,083:INFO: Best Global Accurancy = 0.2696, Loss = 2.03, Iter = 13.
2024-06-06 08:44:02,399:INFO: 

-------------Round number: 15 -------------


2024-06-06 08:44:02,598:INFO: Average Global Accurancy = 0.2570, Loss = 2.04.
2024-06-06 08:44:02,599:INFO: Best Global Accurancy = 0.2696, Loss = 2.03, Iter = 13.
2024-06-06 08:44:03,914:INFO: 

-------------Round number: 16 -------------


2024-06-06 08:44:04,157:INFO: Average Global Accurancy = 0.2780, Loss = 2.03.
2024-06-06 08:44:04,157:INFO: Best Global Accurancy = 0.2780, Loss = 2.03, Iter = 16.
2024-06-06 08:44:05,476:INFO: 

-------------Round number: 17 -------------


2024-06-06 08:44:05,675:INFO: Average Global Accurancy = 0.2469, Loss = 2.06.
2024-06-06 08:44:05,675:INFO: Best Global Accurancy = 0.2780, Loss = 2.03, Iter = 16.
2024-06-06 08:44:06,993:INFO: 

-------------Round number: 18 -------------


2024-06-06 08:44:07,192:INFO: Average Global Accurancy = 0.2454, Loss = 2.10.
2024-06-06 08:44:07,192:INFO: Best Global Accurancy = 0.2780, Loss = 2.03, Iter = 16.
2024-06-06 08:44:08,509:INFO: 

-------------Round number: 19 -------------


2024-06-06 08:44:08,708:INFO: Average Global Accurancy = 0.2541, Loss = 2.04.
2024-06-06 08:44:08,708:INFO: Best Global Accurancy = 0.2780, Loss = 2.03, Iter = 16.
2024-06-06 08:44:10,024:INFO: 

-------------Round number: 20 -------------


2024-06-06 08:44:10,224:INFO: Average Global Accurancy = 0.2726, Loss = 2.07.
2024-06-06 08:44:10,224:INFO: Best Global Accurancy = 0.2780, Loss = 2.03, Iter = 16.
2024-06-06 08:44:11,541:INFO: 

-------------Round number: 21 -------------


2024-06-06 08:44:11,740:INFO: Average Global Accurancy = 0.2472, Loss = 2.05.
2024-06-06 08:44:11,740:INFO: Best Global Accurancy = 0.2780, Loss = 2.03, Iter = 16.
2024-06-06 08:44:13,057:INFO: 

-------------Round number: 22 -------------


2024-06-06 08:44:13,257:INFO: Average Global Accurancy = 0.2446, Loss = 2.14.
2024-06-06 08:44:13,257:INFO: Best Global Accurancy = 0.2780, Loss = 2.03, Iter = 16.
2024-06-06 08:44:14,574:INFO: 

-------------Round number: 23 -------------


2024-06-06 08:44:14,774:INFO: Average Global Accurancy = 0.2604, Loss = 2.03.
2024-06-06 08:44:14,774:INFO: Best Global Accurancy = 0.2780, Loss = 2.03, Iter = 16.
2024-06-06 08:44:16,091:INFO: 

-------------Round number: 24 -------------


2024-06-06 08:44:16,291:INFO: Average Global Accurancy = 0.2657, Loss = 2.03.
2024-06-06 08:44:16,291:INFO: Best Global Accurancy = 0.2780, Loss = 2.03, Iter = 16.
2024-06-06 08:44:17,607:INFO: 

-------------Round number: 25 -------------


2024-06-06 08:44:17,807:INFO: Average Global Accurancy = 0.2387, Loss = 2.05.
2024-06-06 08:44:17,807:INFO: Best Global Accurancy = 0.2780, Loss = 2.03, Iter = 16.
2024-06-06 08:44:19,124:INFO: 

-------------Round number: 26 -------------


2024-06-06 08:44:19,323:INFO: Average Global Accurancy = 0.2252, Loss = 2.08.
2024-06-06 08:44:19,323:INFO: Best Global Accurancy = 0.2780, Loss = 2.03, Iter = 16.
2024-06-06 08:44:20,640:INFO: 

-------------Round number: 27 -------------


2024-06-06 08:44:20,839:INFO: Average Global Accurancy = 0.2748, Loss = 2.01.
2024-06-06 08:44:20,839:INFO: Best Global Accurancy = 0.2780, Loss = 2.03, Iter = 16.
2024-06-06 08:44:22,156:INFO: 

-------------Round number: 28 -------------


2024-06-06 08:44:22,399:INFO: Average Global Accurancy = 0.2837, Loss = 1.98.
2024-06-06 08:44:22,399:INFO: Best Global Accurancy = 0.2837, Loss = 1.98, Iter = 28.
2024-06-06 08:44:23,717:INFO: 

-------------Round number: 29 -------------


2024-06-06 08:44:23,916:INFO: Average Global Accurancy = 0.2619, Loss = 2.02.
2024-06-06 08:44:23,916:INFO: Best Global Accurancy = 0.2837, Loss = 1.98, Iter = 28.
2024-06-06 08:44:25,233:INFO: 

-------------Round number: 30 -------------


2024-06-06 08:44:25,433:INFO: Average Global Accurancy = 0.2574, Loss = 2.16.
2024-06-06 08:44:25,433:INFO: Best Global Accurancy = 0.2837, Loss = 1.98, Iter = 28.
2024-06-06 08:44:26,748:INFO: 

-------------Round number: 31 -------------


2024-06-06 08:44:26,947:INFO: Average Global Accurancy = 0.2809, Loss = 1.96.
2024-06-06 08:44:26,947:INFO: Best Global Accurancy = 0.2837, Loss = 1.98, Iter = 28.
2024-06-06 08:44:28,265:INFO: 

-------------Round number: 32 -------------


2024-06-06 08:44:28,464:INFO: Average Global Accurancy = 0.2719, Loss = 2.07.
2024-06-06 08:44:28,464:INFO: Best Global Accurancy = 0.2837, Loss = 1.98, Iter = 28.
2024-06-06 08:44:29,781:INFO: 

-------------Round number: 33 -------------


2024-06-06 08:44:29,981:INFO: Average Global Accurancy = 0.2702, Loss = 1.97.
2024-06-06 08:44:29,981:INFO: Best Global Accurancy = 0.2837, Loss = 1.98, Iter = 28.
2024-06-06 08:44:31,298:INFO: 

-------------Round number: 34 -------------


2024-06-06 08:44:31,498:INFO: Average Global Accurancy = 0.2604, Loss = 2.00.
2024-06-06 08:44:31,498:INFO: Best Global Accurancy = 0.2837, Loss = 1.98, Iter = 28.
2024-06-06 08:44:32,816:INFO: 

-------------Round number: 35 -------------


2024-06-06 08:44:33,060:INFO: Average Global Accurancy = 0.2915, Loss = 1.91.
2024-06-06 08:44:33,060:INFO: Best Global Accurancy = 0.2915, Loss = 1.91, Iter = 35.
2024-06-06 08:44:34,376:INFO: 

-------------Round number: 36 -------------


2024-06-06 08:44:34,575:INFO: Average Global Accurancy = 0.2722, Loss = 2.05.
2024-06-06 08:44:34,575:INFO: Best Global Accurancy = 0.2915, Loss = 1.91, Iter = 35.
2024-06-06 08:44:35,891:INFO: 

-------------Round number: 37 -------------


2024-06-06 08:44:36,091:INFO: Average Global Accurancy = 0.2898, Loss = 1.95.
2024-06-06 08:44:36,091:INFO: Best Global Accurancy = 0.2915, Loss = 1.91, Iter = 35.
2024-06-06 08:44:37,406:INFO: 

-------------Round number: 38 -------------


2024-06-06 08:44:37,606:INFO: Average Global Accurancy = 0.2772, Loss = 2.06.
2024-06-06 08:44:37,606:INFO: Best Global Accurancy = 0.2915, Loss = 1.91, Iter = 35.
2024-06-06 08:44:38,922:INFO: 

-------------Round number: 39 -------------


2024-06-06 08:44:39,121:INFO: Average Global Accurancy = 0.2722, Loss = 2.05.
2024-06-06 08:44:39,122:INFO: Best Global Accurancy = 0.2915, Loss = 1.91, Iter = 35.
2024-06-06 08:44:40,438:INFO: 

-------------Round number: 40 -------------


2024-06-06 08:44:40,637:INFO: Average Global Accurancy = 0.2569, Loss = 2.14.
2024-06-06 08:44:40,637:INFO: Best Global Accurancy = 0.2915, Loss = 1.91, Iter = 35.
2024-06-06 08:44:41,953:INFO: 

-------------Round number: 41 -------------


2024-06-06 08:44:42,153:INFO: Average Global Accurancy = 0.2807, Loss = 1.99.
2024-06-06 08:44:42,153:INFO: Best Global Accurancy = 0.2915, Loss = 1.91, Iter = 35.
2024-06-06 08:44:43,468:INFO: 

-------------Round number: 42 -------------


2024-06-06 08:44:43,668:INFO: Average Global Accurancy = 0.2639, Loss = 2.13.
2024-06-06 08:44:43,668:INFO: Best Global Accurancy = 0.2915, Loss = 1.91, Iter = 35.
2024-06-06 08:44:44,984:INFO: 

-------------Round number: 43 -------------


2024-06-06 08:44:45,183:INFO: Average Global Accurancy = 0.2772, Loss = 2.09.
2024-06-06 08:44:45,183:INFO: Best Global Accurancy = 0.2915, Loss = 1.91, Iter = 35.
2024-06-06 08:44:46,501:INFO: 

-------------Round number: 44 -------------


2024-06-06 08:44:46,745:INFO: Average Global Accurancy = 0.2994, Loss = 1.91.
2024-06-06 08:44:46,745:INFO: Best Global Accurancy = 0.2994, Loss = 1.91, Iter = 44.
2024-06-06 08:44:48,063:INFO: 

-------------Round number: 45 -------------


2024-06-06 08:44:48,263:INFO: Average Global Accurancy = 0.2850, Loss = 1.99.
2024-06-06 08:44:48,263:INFO: Best Global Accurancy = 0.2994, Loss = 1.91, Iter = 44.
2024-06-06 08:44:49,579:INFO: 

-------------Round number: 46 -------------


2024-06-06 08:44:49,779:INFO: Average Global Accurancy = 0.2646, Loss = 2.00.
2024-06-06 08:44:49,779:INFO: Best Global Accurancy = 0.2994, Loss = 1.91, Iter = 44.
2024-06-06 08:44:51,096:INFO: 

-------------Round number: 47 -------------


2024-06-06 08:44:51,296:INFO: Average Global Accurancy = 0.2569, Loss = 2.01.
2024-06-06 08:44:51,296:INFO: Best Global Accurancy = 0.2994, Loss = 1.91, Iter = 44.
2024-06-06 08:44:52,613:INFO: 

-------------Round number: 48 -------------


2024-06-06 08:44:52,861:INFO: Average Global Accurancy = 0.3046, Loss = 1.95.
2024-06-06 08:44:52,861:INFO: Best Global Accurancy = 0.3046, Loss = 1.95, Iter = 48.
2024-06-06 08:44:54,179:INFO: 

-------------Round number: 49 -------------


2024-06-06 08:44:54,422:INFO: Average Global Accurancy = 0.3115, Loss = 1.96.
2024-06-06 08:44:54,422:INFO: Best Global Accurancy = 0.3115, Loss = 1.96, Iter = 49.
2024-06-06 08:44:55,740:INFO: 

-------------Round number: 50 -------------


2024-06-06 08:44:55,983:INFO: Average Global Accurancy = 0.3135, Loss = 1.92.
2024-06-06 08:44:55,983:INFO: Best Global Accurancy = 0.3135, Loss = 1.92, Iter = 50.
2024-06-06 08:44:57,298:INFO: 

-------------Round number: 51 -------------


2024-06-06 08:44:57,543:INFO: Average Global Accurancy = 0.3157, Loss = 1.95.
2024-06-06 08:44:57,543:INFO: Best Global Accurancy = 0.3157, Loss = 1.95, Iter = 51.
2024-06-06 08:44:58,860:INFO: 

-------------Round number: 52 -------------


2024-06-06 08:44:59,059:INFO: Average Global Accurancy = 0.2824, Loss = 1.95.
2024-06-06 08:44:59,059:INFO: Best Global Accurancy = 0.3157, Loss = 1.95, Iter = 51.
2024-06-06 08:45:00,377:INFO: 

-------------Round number: 53 -------------


2024-06-06 08:45:00,577:INFO: Average Global Accurancy = 0.2989, Loss = 2.01.
2024-06-06 08:45:00,577:INFO: Best Global Accurancy = 0.3157, Loss = 1.95, Iter = 51.
2024-06-06 08:45:01,894:INFO: 

-------------Round number: 54 -------------


2024-06-06 08:45:02,094:INFO: Average Global Accurancy = 0.3065, Loss = 1.97.
2024-06-06 08:45:02,095:INFO: Best Global Accurancy = 0.3157, Loss = 1.95, Iter = 51.
2024-06-06 08:45:03,412:INFO: 

-------------Round number: 55 -------------


2024-06-06 08:45:03,612:INFO: Average Global Accurancy = 0.2898, Loss = 2.12.
2024-06-06 08:45:03,613:INFO: Best Global Accurancy = 0.3157, Loss = 1.95, Iter = 51.
2024-06-06 08:45:04,930:INFO: 

-------------Round number: 56 -------------


2024-06-06 08:45:05,175:INFO: Average Global Accurancy = 0.3248, Loss = 1.97.
2024-06-06 08:45:05,175:INFO: Best Global Accurancy = 0.3248, Loss = 1.97, Iter = 56.
2024-06-06 08:45:06,493:INFO: 

-------------Round number: 57 -------------


2024-06-06 08:45:06,693:INFO: Average Global Accurancy = 0.3231, Loss = 2.07.
2024-06-06 08:45:06,693:INFO: Best Global Accurancy = 0.3248, Loss = 1.97, Iter = 56.
2024-06-06 08:45:08,010:INFO: 

-------------Round number: 58 -------------


2024-06-06 08:45:08,210:INFO: Average Global Accurancy = 0.3056, Loss = 2.02.
2024-06-06 08:45:08,210:INFO: Best Global Accurancy = 0.3248, Loss = 1.97, Iter = 56.
2024-06-06 08:45:09,530:INFO: 

-------------Round number: 59 -------------


2024-06-06 08:45:09,730:INFO: Average Global Accurancy = 0.3113, Loss = 2.02.
2024-06-06 08:45:09,730:INFO: Best Global Accurancy = 0.3248, Loss = 1.97, Iter = 56.
2024-06-06 08:45:11,049:INFO: 

-------------Round number: 60 -------------


2024-06-06 08:45:11,292:INFO: Average Global Accurancy = 0.3328, Loss = 1.91.
2024-06-06 08:45:11,292:INFO: Best Global Accurancy = 0.3328, Loss = 1.91, Iter = 60.
2024-06-06 08:45:12,610:INFO: 

-------------Round number: 61 -------------


2024-06-06 08:45:12,809:INFO: Average Global Accurancy = 0.2906, Loss = 1.99.
2024-06-06 08:45:12,809:INFO: Best Global Accurancy = 0.3328, Loss = 1.91, Iter = 60.
2024-06-06 08:45:14,128:INFO: 

-------------Round number: 62 -------------


2024-06-06 08:45:14,371:INFO: Average Global Accurancy = 0.3333, Loss = 1.82.
2024-06-06 08:45:14,371:INFO: Best Global Accurancy = 0.3333, Loss = 1.82, Iter = 62.
2024-06-06 08:45:15,688:INFO: 

-------------Round number: 63 -------------


2024-06-06 08:45:15,888:INFO: Average Global Accurancy = 0.2867, Loss = 1.97.
2024-06-06 08:45:15,888:INFO: Best Global Accurancy = 0.3333, Loss = 1.82, Iter = 62.
2024-06-06 08:45:17,204:INFO: 

-------------Round number: 64 -------------


2024-06-06 08:45:17,404:INFO: Average Global Accurancy = 0.3148, Loss = 1.97.
2024-06-06 08:45:17,404:INFO: Best Global Accurancy = 0.3333, Loss = 1.82, Iter = 62.
2024-06-06 08:45:18,721:INFO: 

-------------Round number: 65 -------------


2024-06-06 08:45:18,921:INFO: Average Global Accurancy = 0.3039, Loss = 1.92.
2024-06-06 08:45:18,921:INFO: Best Global Accurancy = 0.3333, Loss = 1.82, Iter = 62.
2024-06-06 08:45:20,240:INFO: 

-------------Round number: 66 -------------


2024-06-06 08:45:20,440:INFO: Average Global Accurancy = 0.3128, Loss = 1.89.
2024-06-06 08:45:20,440:INFO: Best Global Accurancy = 0.3333, Loss = 1.82, Iter = 62.
2024-06-06 08:45:21,757:INFO: 

-------------Round number: 67 -------------


2024-06-06 08:45:22,002:INFO: Average Global Accurancy = 0.3459, Loss = 1.81.
2024-06-06 08:45:22,002:INFO: Best Global Accurancy = 0.3459, Loss = 1.81, Iter = 67.
2024-06-06 08:45:23,319:INFO: 

-------------Round number: 68 -------------


2024-06-06 08:45:23,519:INFO: Average Global Accurancy = 0.2654, Loss = 2.07.
2024-06-06 08:45:23,519:INFO: Best Global Accurancy = 0.3459, Loss = 1.81, Iter = 67.
2024-06-06 08:45:24,837:INFO: 

-------------Round number: 69 -------------


2024-06-06 08:45:25,037:INFO: Average Global Accurancy = 0.2861, Loss = 2.06.
2024-06-06 08:45:25,037:INFO: Best Global Accurancy = 0.3459, Loss = 1.81, Iter = 67.
2024-06-06 08:45:26,353:INFO: 

-------------Round number: 70 -------------


2024-06-06 08:45:26,553:INFO: Average Global Accurancy = 0.3017, Loss = 2.00.
2024-06-06 08:45:26,553:INFO: Best Global Accurancy = 0.3459, Loss = 1.81, Iter = 67.
2024-06-06 08:45:27,872:INFO: 

-------------Round number: 71 -------------


2024-06-06 08:45:28,072:INFO: Average Global Accurancy = 0.3294, Loss = 1.88.
2024-06-06 08:45:28,072:INFO: Best Global Accurancy = 0.3459, Loss = 1.81, Iter = 67.
2024-06-06 08:45:29,389:INFO: 

-------------Round number: 72 -------------


2024-06-06 08:45:29,589:INFO: Average Global Accurancy = 0.2707, Loss = 2.05.
2024-06-06 08:45:29,589:INFO: Best Global Accurancy = 0.3459, Loss = 1.81, Iter = 67.
2024-06-06 08:45:30,906:INFO: 

-------------Round number: 73 -------------


2024-06-06 08:45:31,106:INFO: Average Global Accurancy = 0.3174, Loss = 1.90.
2024-06-06 08:45:31,106:INFO: Best Global Accurancy = 0.3459, Loss = 1.81, Iter = 67.
2024-06-06 08:45:32,425:INFO: 

-------------Round number: 74 -------------


2024-06-06 08:45:32,625:INFO: Average Global Accurancy = 0.2706, Loss = 1.97.
2024-06-06 08:45:32,625:INFO: Best Global Accurancy = 0.3459, Loss = 1.81, Iter = 67.
2024-06-06 08:45:33,943:INFO: 

-------------Round number: 75 -------------


2024-06-06 08:45:34,143:INFO: Average Global Accurancy = 0.3033, Loss = 1.95.
2024-06-06 08:45:34,143:INFO: Best Global Accurancy = 0.3459, Loss = 1.81, Iter = 67.
2024-06-06 08:45:35,460:INFO: 

-------------Round number: 76 -------------


2024-06-06 08:45:35,660:INFO: Average Global Accurancy = 0.3181, Loss = 2.07.
2024-06-06 08:45:35,660:INFO: Best Global Accurancy = 0.3459, Loss = 1.81, Iter = 67.
2024-06-06 08:45:36,979:INFO: 

-------------Round number: 77 -------------


2024-06-06 08:45:37,179:INFO: Average Global Accurancy = 0.2817, Loss = 2.09.
2024-06-06 08:45:37,179:INFO: Best Global Accurancy = 0.3459, Loss = 1.81, Iter = 67.
2024-06-06 08:45:38,496:INFO: 

-------------Round number: 78 -------------


2024-06-06 08:45:38,696:INFO: Average Global Accurancy = 0.3294, Loss = 1.99.
2024-06-06 08:45:38,696:INFO: Best Global Accurancy = 0.3459, Loss = 1.81, Iter = 67.
2024-06-06 08:45:40,013:INFO: 

-------------Round number: 79 -------------


2024-06-06 08:45:40,212:INFO: Average Global Accurancy = 0.3207, Loss = 1.89.
2024-06-06 08:45:40,213:INFO: Best Global Accurancy = 0.3459, Loss = 1.81, Iter = 67.
2024-06-06 08:45:41,531:INFO: 

-------------Round number: 80 -------------


2024-06-06 08:45:41,731:INFO: Average Global Accurancy = 0.3406, Loss = 1.84.
2024-06-06 08:45:41,731:INFO: Best Global Accurancy = 0.3459, Loss = 1.81, Iter = 67.
2024-06-06 08:45:43,048:INFO: 

-------------Round number: 81 -------------


2024-06-06 08:45:43,248:INFO: Average Global Accurancy = 0.3283, Loss = 1.89.
2024-06-06 08:45:43,249:INFO: Best Global Accurancy = 0.3459, Loss = 1.81, Iter = 67.
2024-06-06 08:45:44,567:INFO: 

-------------Round number: 82 -------------


2024-06-06 08:45:44,768:INFO: Average Global Accurancy = 0.3341, Loss = 1.86.
2024-06-06 08:45:44,768:INFO: Best Global Accurancy = 0.3459, Loss = 1.81, Iter = 67.
2024-06-06 08:45:46,085:INFO: 

-------------Round number: 83 -------------


2024-06-06 08:45:46,330:INFO: Average Global Accurancy = 0.3535, Loss = 1.83.
2024-06-06 08:45:46,330:INFO: Best Global Accurancy = 0.3535, Loss = 1.83, Iter = 83.
2024-06-06 08:45:47,648:INFO: 

-------------Round number: 84 -------------


2024-06-06 08:45:47,848:INFO: Average Global Accurancy = 0.2915, Loss = 2.00.
2024-06-06 08:45:47,848:INFO: Best Global Accurancy = 0.3535, Loss = 1.83, Iter = 83.
2024-06-06 08:45:49,167:INFO: 

-------------Round number: 85 -------------


2024-06-06 08:45:49,366:INFO: Average Global Accurancy = 0.3261, Loss = 1.90.
2024-06-06 08:45:49,366:INFO: Best Global Accurancy = 0.3535, Loss = 1.83, Iter = 83.
2024-06-06 08:45:50,683:INFO: 

-------------Round number: 86 -------------


2024-06-06 08:45:50,882:INFO: Average Global Accurancy = 0.3056, Loss = 1.88.
2024-06-06 08:45:50,882:INFO: Best Global Accurancy = 0.3535, Loss = 1.83, Iter = 83.
2024-06-06 08:45:52,199:INFO: 

-------------Round number: 87 -------------


2024-06-06 08:45:52,399:INFO: Average Global Accurancy = 0.3265, Loss = 1.88.
2024-06-06 08:45:52,399:INFO: Best Global Accurancy = 0.3535, Loss = 1.83, Iter = 83.
2024-06-06 08:45:53,718:INFO: 

-------------Round number: 88 -------------


2024-06-06 08:45:53,918:INFO: Average Global Accurancy = 0.2531, Loss = 2.04.
2024-06-06 08:45:53,918:INFO: Best Global Accurancy = 0.3535, Loss = 1.83, Iter = 83.
2024-06-06 08:45:55,235:INFO: 

-------------Round number: 89 -------------


2024-06-06 08:45:55,435:INFO: Average Global Accurancy = 0.3215, Loss = 1.79.
2024-06-06 08:45:55,435:INFO: Best Global Accurancy = 0.3535, Loss = 1.83, Iter = 83.
2024-06-06 08:45:56,754:INFO: 

-------------Round number: 90 -------------


2024-06-06 08:45:56,954:INFO: Average Global Accurancy = 0.3013, Loss = 1.93.
2024-06-06 08:45:56,954:INFO: Best Global Accurancy = 0.3535, Loss = 1.83, Iter = 83.
2024-06-06 08:45:58,273:INFO: 

-------------Round number: 91 -------------


2024-06-06 08:45:58,521:INFO: Average Global Accurancy = 0.3663, Loss = 1.79.
2024-06-06 08:45:58,521:INFO: Best Global Accurancy = 0.3663, Loss = 1.79, Iter = 91.
2024-06-06 08:45:59,839:INFO: 

-------------Round number: 92 -------------


2024-06-06 08:46:00,040:INFO: Average Global Accurancy = 0.3117, Loss = 1.87.
2024-06-06 08:46:00,040:INFO: Best Global Accurancy = 0.3663, Loss = 1.79, Iter = 91.
2024-06-06 08:46:01,359:INFO: 

-------------Round number: 93 -------------


2024-06-06 08:46:01,559:INFO: Average Global Accurancy = 0.3461, Loss = 1.91.
2024-06-06 08:46:01,559:INFO: Best Global Accurancy = 0.3663, Loss = 1.79, Iter = 91.
2024-06-06 08:46:02,877:INFO: 

-------------Round number: 94 -------------


2024-06-06 08:46:03,077:INFO: Average Global Accurancy = 0.3041, Loss = 1.98.
2024-06-06 08:46:03,077:INFO: Best Global Accurancy = 0.3663, Loss = 1.79, Iter = 91.
2024-06-06 08:46:04,394:INFO: 

-------------Round number: 95 -------------


2024-06-06 08:46:04,594:INFO: Average Global Accurancy = 0.3569, Loss = 1.79.
2024-06-06 08:46:04,594:INFO: Best Global Accurancy = 0.3663, Loss = 1.79, Iter = 91.
2024-06-06 08:46:05,913:INFO: 

-------------Round number: 96 -------------


2024-06-06 08:46:06,113:INFO: Average Global Accurancy = 0.3526, Loss = 1.78.
2024-06-06 08:46:06,113:INFO: Best Global Accurancy = 0.3663, Loss = 1.79, Iter = 91.
2024-06-06 08:46:07,431:INFO: 

-------------Round number: 97 -------------


2024-06-06 08:46:07,631:INFO: Average Global Accurancy = 0.3206, Loss = 1.96.
2024-06-06 08:46:07,631:INFO: Best Global Accurancy = 0.3663, Loss = 1.79, Iter = 91.
2024-06-06 08:46:08,947:INFO: 

-------------Round number: 98 -------------


2024-06-06 08:46:09,193:INFO: Average Global Accurancy = 0.3883, Loss = 1.76.
2024-06-06 08:46:09,193:INFO: Best Global Accurancy = 0.3883, Loss = 1.76, Iter = 98.
2024-06-06 08:46:10,509:INFO: 

-------------Round number: 99 -------------


2024-06-06 08:46:10,709:INFO: Average Global Accurancy = 0.3185, Loss = 1.85.
2024-06-06 08:46:10,709:INFO: Best Global Accurancy = 0.3883, Loss = 1.76, Iter = 98.
2024-06-06 08:46:12,028:INFO: 

-------------Round number: 100 -------------


2024-06-06 08:46:12,227:INFO: Average Global Accurancy = 0.3381, Loss = 1.86.
2024-06-06 08:46:12,227:INFO: Best Global Accurancy = 0.3883, Loss = 1.76, Iter = 98.
2024-06-06 08:46:13,546:INFO: 

-------------Round number: 101 -------------


2024-06-06 08:46:13,746:INFO: Average Global Accurancy = 0.3376, Loss = 1.81.
2024-06-06 08:46:13,746:INFO: Best Global Accurancy = 0.3883, Loss = 1.76, Iter = 98.
2024-06-06 08:46:15,064:INFO: 

-------------Round number: 102 -------------


2024-06-06 08:46:15,264:INFO: Average Global Accurancy = 0.3352, Loss = 1.82.
2024-06-06 08:46:15,264:INFO: Best Global Accurancy = 0.3883, Loss = 1.76, Iter = 98.
2024-06-06 08:46:16,581:INFO: 

-------------Round number: 103 -------------


2024-06-06 08:46:16,825:INFO: Average Global Accurancy = 0.4013, Loss = 1.66.
2024-06-06 08:46:16,825:INFO: Best Global Accurancy = 0.4013, Loss = 1.66, Iter = 103.
2024-06-06 08:46:18,143:INFO: 

-------------Round number: 104 -------------


2024-06-06 08:46:18,343:INFO: Average Global Accurancy = 0.3100, Loss = 1.93.
2024-06-06 08:46:18,343:INFO: Best Global Accurancy = 0.4013, Loss = 1.66, Iter = 103.
2024-06-06 08:46:19,660:INFO: 

-------------Round number: 105 -------------


2024-06-06 08:46:19,861:INFO: Average Global Accurancy = 0.3680, Loss = 1.83.
2024-06-06 08:46:19,861:INFO: Best Global Accurancy = 0.4013, Loss = 1.66, Iter = 103.
2024-06-06 08:46:21,181:INFO: 

-------------Round number: 106 -------------


2024-06-06 08:46:21,381:INFO: Average Global Accurancy = 0.3139, Loss = 1.89.
2024-06-06 08:46:21,381:INFO: Best Global Accurancy = 0.4013, Loss = 1.66, Iter = 103.
2024-06-06 08:46:22,699:INFO: 

-------------Round number: 107 -------------


2024-06-06 08:46:22,899:INFO: Average Global Accurancy = 0.3378, Loss = 1.85.
2024-06-06 08:46:22,899:INFO: Best Global Accurancy = 0.4013, Loss = 1.66, Iter = 103.
2024-06-06 08:46:24,216:INFO: 

-------------Round number: 108 -------------


2024-06-06 08:46:24,415:INFO: Average Global Accurancy = 0.2822, Loss = 2.08.
2024-06-06 08:46:24,415:INFO: Best Global Accurancy = 0.4013, Loss = 1.66, Iter = 103.
2024-06-06 08:46:25,733:INFO: 

-------------Round number: 109 -------------


2024-06-06 08:46:25,933:INFO: Average Global Accurancy = 0.3711, Loss = 1.82.
2024-06-06 08:46:25,933:INFO: Best Global Accurancy = 0.4013, Loss = 1.66, Iter = 103.
2024-06-06 08:46:27,251:INFO: 

-------------Round number: 110 -------------


2024-06-06 08:46:27,451:INFO: Average Global Accurancy = 0.3269, Loss = 1.79.
2024-06-06 08:46:27,451:INFO: Best Global Accurancy = 0.4013, Loss = 1.66, Iter = 103.
2024-06-06 08:46:28,770:INFO: 

-------------Round number: 111 -------------


2024-06-06 08:46:28,969:INFO: Average Global Accurancy = 0.3674, Loss = 1.70.
2024-06-06 08:46:28,969:INFO: Best Global Accurancy = 0.4013, Loss = 1.66, Iter = 103.
2024-06-06 08:46:30,290:INFO: 

-------------Round number: 112 -------------


2024-06-06 08:46:30,490:INFO: Average Global Accurancy = 0.3700, Loss = 1.68.
2024-06-06 08:46:30,490:INFO: Best Global Accurancy = 0.4013, Loss = 1.66, Iter = 103.
2024-06-06 08:46:31,810:INFO: 

-------------Round number: 113 -------------


2024-06-06 08:46:32,011:INFO: Average Global Accurancy = 0.3685, Loss = 1.69.
2024-06-06 08:46:32,011:INFO: Best Global Accurancy = 0.4013, Loss = 1.66, Iter = 103.
2024-06-06 08:46:33,327:INFO: 

-------------Round number: 114 -------------


2024-06-06 08:46:33,527:INFO: Average Global Accurancy = 0.3383, Loss = 1.79.
2024-06-06 08:46:33,527:INFO: Best Global Accurancy = 0.4013, Loss = 1.66, Iter = 103.
2024-06-06 08:46:34,845:INFO: 

-------------Round number: 115 -------------


2024-06-06 08:46:35,044:INFO: Average Global Accurancy = 0.3548, Loss = 1.73.
2024-06-06 08:46:35,045:INFO: Best Global Accurancy = 0.4013, Loss = 1.66, Iter = 103.
2024-06-06 08:46:36,364:INFO: 

-------------Round number: 116 -------------


2024-06-06 08:46:36,564:INFO: Average Global Accurancy = 0.2913, Loss = 1.92.
2024-06-06 08:46:36,564:INFO: Best Global Accurancy = 0.4013, Loss = 1.66, Iter = 103.
2024-06-06 08:46:37,881:INFO: 

-------------Round number: 117 -------------


2024-06-06 08:46:38,081:INFO: Average Global Accurancy = 0.3550, Loss = 1.85.
2024-06-06 08:46:38,081:INFO: Best Global Accurancy = 0.4013, Loss = 1.66, Iter = 103.
2024-06-06 08:46:39,400:INFO: 

-------------Round number: 118 -------------


2024-06-06 08:46:39,600:INFO: Average Global Accurancy = 0.3378, Loss = 1.82.
2024-06-06 08:46:39,600:INFO: Best Global Accurancy = 0.4013, Loss = 1.66, Iter = 103.
2024-06-06 08:46:40,918:INFO: 

-------------Round number: 119 -------------


2024-06-06 08:46:41,118:INFO: Average Global Accurancy = 0.3511, Loss = 1.77.
2024-06-06 08:46:41,118:INFO: Best Global Accurancy = 0.4013, Loss = 1.66, Iter = 103.
2024-06-06 08:46:42,435:INFO: 

-------------Round number: 120 -------------


2024-06-06 08:46:42,635:INFO: Average Global Accurancy = 0.3976, Loss = 1.74.
2024-06-06 08:46:42,635:INFO: Best Global Accurancy = 0.4013, Loss = 1.66, Iter = 103.
2024-06-06 08:46:43,952:INFO: 

-------------Round number: 121 -------------


2024-06-06 08:46:44,152:INFO: Average Global Accurancy = 0.3798, Loss = 1.85.
2024-06-06 08:46:44,152:INFO: Best Global Accurancy = 0.4013, Loss = 1.66, Iter = 103.
2024-06-06 08:46:45,469:INFO: 

-------------Round number: 122 -------------


2024-06-06 08:46:45,669:INFO: Average Global Accurancy = 0.3607, Loss = 1.80.
2024-06-06 08:46:45,669:INFO: Best Global Accurancy = 0.4013, Loss = 1.66, Iter = 103.
2024-06-06 08:46:46,987:INFO: 

-------------Round number: 123 -------------


2024-06-06 08:46:47,186:INFO: Average Global Accurancy = 0.3272, Loss = 1.76.
2024-06-06 08:46:47,187:INFO: Best Global Accurancy = 0.4013, Loss = 1.66, Iter = 103.
2024-06-06 08:46:48,504:INFO: 

-------------Round number: 124 -------------


2024-06-06 08:46:48,703:INFO: Average Global Accurancy = 0.3437, Loss = 1.78.
2024-06-06 08:46:48,703:INFO: Best Global Accurancy = 0.4013, Loss = 1.66, Iter = 103.
2024-06-06 08:46:50,021:INFO: 

-------------Round number: 125 -------------


2024-06-06 08:46:50,221:INFO: Average Global Accurancy = 0.3631, Loss = 1.78.
2024-06-06 08:46:50,221:INFO: Best Global Accurancy = 0.4013, Loss = 1.66, Iter = 103.
2024-06-06 08:46:51,539:INFO: 

-------------Round number: 126 -------------


2024-06-06 08:46:51,739:INFO: Average Global Accurancy = 0.3828, Loss = 1.70.
2024-06-06 08:46:51,739:INFO: Best Global Accurancy = 0.4013, Loss = 1.66, Iter = 103.
2024-06-06 08:46:53,056:INFO: 

-------------Round number: 127 -------------


2024-06-06 08:46:53,256:INFO: Average Global Accurancy = 0.3574, Loss = 1.79.
2024-06-06 08:46:53,256:INFO: Best Global Accurancy = 0.4013, Loss = 1.66, Iter = 103.
2024-06-06 08:46:54,574:INFO: 

-------------Round number: 128 -------------


2024-06-06 08:46:54,775:INFO: Average Global Accurancy = 0.3574, Loss = 1.78.
2024-06-06 08:46:54,775:INFO: Best Global Accurancy = 0.4013, Loss = 1.66, Iter = 103.
2024-06-06 08:46:56,095:INFO: 

-------------Round number: 129 -------------


2024-06-06 08:46:56,294:INFO: Average Global Accurancy = 0.3922, Loss = 1.65.
2024-06-06 08:46:56,294:INFO: Best Global Accurancy = 0.4013, Loss = 1.66, Iter = 103.
2024-06-06 08:46:57,612:INFO: 

-------------Round number: 130 -------------


2024-06-06 08:46:57,811:INFO: Average Global Accurancy = 0.3130, Loss = 1.94.
2024-06-06 08:46:57,812:INFO: Best Global Accurancy = 0.4013, Loss = 1.66, Iter = 103.
2024-06-06 08:46:59,130:INFO: 

-------------Round number: 131 -------------


2024-06-06 08:46:59,329:INFO: Average Global Accurancy = 0.3613, Loss = 1.76.
2024-06-06 08:46:59,329:INFO: Best Global Accurancy = 0.4013, Loss = 1.66, Iter = 103.
2024-06-06 08:47:00,648:INFO: 

-------------Round number: 132 -------------


2024-06-06 08:47:00,848:INFO: Average Global Accurancy = 0.3648, Loss = 1.80.
2024-06-06 08:47:00,848:INFO: Best Global Accurancy = 0.4013, Loss = 1.66, Iter = 103.
2024-06-06 08:47:02,169:INFO: 

-------------Round number: 133 -------------


2024-06-06 08:47:02,418:INFO: Average Global Accurancy = 0.4420, Loss = 1.60.
2024-06-06 08:47:02,419:INFO: Best Global Accurancy = 0.4420, Loss = 1.60, Iter = 133.
2024-06-06 08:47:03,737:INFO: 

-------------Round number: 134 -------------


2024-06-06 08:47:03,937:INFO: Average Global Accurancy = 0.3819, Loss = 1.65.
2024-06-06 08:47:03,937:INFO: Best Global Accurancy = 0.4420, Loss = 1.60, Iter = 133.
2024-06-06 08:47:05,254:INFO: 

-------------Round number: 135 -------------


2024-06-06 08:47:05,454:INFO: Average Global Accurancy = 0.4057, Loss = 1.70.
2024-06-06 08:47:05,454:INFO: Best Global Accurancy = 0.4420, Loss = 1.60, Iter = 133.
2024-06-06 08:47:06,771:INFO: 

-------------Round number: 136 -------------


2024-06-06 08:47:06,971:INFO: Average Global Accurancy = 0.3970, Loss = 1.63.
2024-06-06 08:47:06,971:INFO: Best Global Accurancy = 0.4420, Loss = 1.60, Iter = 133.
2024-06-06 08:47:08,288:INFO: 

-------------Round number: 137 -------------


2024-06-06 08:47:08,488:INFO: Average Global Accurancy = 0.3819, Loss = 1.66.
2024-06-06 08:47:08,488:INFO: Best Global Accurancy = 0.4420, Loss = 1.60, Iter = 133.
2024-06-06 08:47:09,806:INFO: 

-------------Round number: 138 -------------


2024-06-06 08:47:10,006:INFO: Average Global Accurancy = 0.3844, Loss = 1.69.
2024-06-06 08:47:10,006:INFO: Best Global Accurancy = 0.4420, Loss = 1.60, Iter = 133.
2024-06-06 08:47:11,325:INFO: 

-------------Round number: 139 -------------


2024-06-06 08:47:11,525:INFO: Average Global Accurancy = 0.3798, Loss = 1.77.
2024-06-06 08:47:11,525:INFO: Best Global Accurancy = 0.4420, Loss = 1.60, Iter = 133.
2024-06-06 08:47:12,843:INFO: 

-------------Round number: 140 -------------


2024-06-06 08:47:13,043:INFO: Average Global Accurancy = 0.3420, Loss = 1.87.
2024-06-06 08:47:13,043:INFO: Best Global Accurancy = 0.4420, Loss = 1.60, Iter = 133.
2024-06-06 08:47:14,363:INFO: 

-------------Round number: 141 -------------


2024-06-06 08:47:14,563:INFO: Average Global Accurancy = 0.3861, Loss = 1.68.
2024-06-06 08:47:14,563:INFO: Best Global Accurancy = 0.4420, Loss = 1.60, Iter = 133.
2024-06-06 08:47:15,882:INFO: 

-------------Round number: 142 -------------


2024-06-06 08:47:16,082:INFO: Average Global Accurancy = 0.3057, Loss = 2.09.
2024-06-06 08:47:16,082:INFO: Best Global Accurancy = 0.4420, Loss = 1.60, Iter = 133.
2024-06-06 08:47:17,401:INFO: 

-------------Round number: 143 -------------


2024-06-06 08:47:17,601:INFO: Average Global Accurancy = 0.4130, Loss = 1.57.
2024-06-06 08:47:17,601:INFO: Best Global Accurancy = 0.4420, Loss = 1.60, Iter = 133.
2024-06-06 08:47:18,920:INFO: 

-------------Round number: 144 -------------


2024-06-06 08:47:19,120:INFO: Average Global Accurancy = 0.3324, Loss = 1.73.
2024-06-06 08:47:19,120:INFO: Best Global Accurancy = 0.4420, Loss = 1.60, Iter = 133.
2024-06-06 08:47:20,439:INFO: 

-------------Round number: 145 -------------


2024-06-06 08:47:20,639:INFO: Average Global Accurancy = 0.3972, Loss = 1.64.
2024-06-06 08:47:20,639:INFO: Best Global Accurancy = 0.4420, Loss = 1.60, Iter = 133.
2024-06-06 08:47:21,958:INFO: 

-------------Round number: 146 -------------


2024-06-06 08:47:22,158:INFO: Average Global Accurancy = 0.3320, Loss = 1.80.
2024-06-06 08:47:22,158:INFO: Best Global Accurancy = 0.4420, Loss = 1.60, Iter = 133.
2024-06-06 08:47:23,476:INFO: 

-------------Round number: 147 -------------


2024-06-06 08:47:23,676:INFO: Average Global Accurancy = 0.3837, Loss = 1.61.
2024-06-06 08:47:23,676:INFO: Best Global Accurancy = 0.4420, Loss = 1.60, Iter = 133.
2024-06-06 08:47:24,998:INFO: 

-------------Round number: 148 -------------


2024-06-06 08:47:25,198:INFO: Average Global Accurancy = 0.4189, Loss = 1.69.
2024-06-06 08:47:25,198:INFO: Best Global Accurancy = 0.4420, Loss = 1.60, Iter = 133.
2024-06-06 08:47:26,516:INFO: 

-------------Round number: 149 -------------


2024-06-06 08:47:26,715:INFO: Average Global Accurancy = 0.3446, Loss = 1.80.
2024-06-06 08:47:26,716:INFO: Best Global Accurancy = 0.4420, Loss = 1.60, Iter = 133.
